# JRE version: OpenJDK Runtime Environment Temurin-17.0.4.1+1 (17.0.4.1+1) (build 17.0.4.1+1)
# Java VM: OpenJDK 64-Bit Server VM Temurin-17.0.4.1+1 (17.0.4.1+1, mixed mode, emulated-client, tiered, compressed oops, compressed class ptrs, g1 gc, windows-amd64)
GC Precious Log:
 CPUs: 16 total, 16 available
 Memory: 16336M
 Large Page Support: Disabled
 NUMA Support: Disabled
 Compressed Oops: Enabled (Zero based)
 Heap Region Size: 4M
 Heap Min Capacity: 8M
 Heap Initial Capacity: 256M
 Heap Max Capacity: 8G
 Pre-touch: Disabled
 Parallel Workers: 13
 Concurrent Workers: 3
 Concurrent Refinement Workers: 13
 Periodic GC: Disabled
Heap:
 garbage-first heap   total 139264K, used 38442K [0x0000000600000000, 0x0000000800000000)
  region size 4096K, 1 young (4096K), 0 survivors (0K)
 Metaspace       used 54634K, committed 55168K, reserved 1097728K
  class space    used 7232K, committed 7488K, reserved 1048576K
GC Heap History (20 events):
Event: 113380.139 GC heap after
{Heap after GC invocations=11071 (full 11044):
 garbage-first heap   total 139264K, used 38371K [0x0000000600000000, 0x0000000800000000)
  region size 4096K, 0 young (0K), 0 survivors (0K)
 Metaspace       used 54634K, committed 55168K, reserved 1097728K
  class space    used 7232K, committed 7488K, reserved 1048576K
}
Event: 113390.352 GC heap before
{Heap before GC invocations=11071 (full 11044):
 garbage-first heap   total 139264K, used 38371K [0x0000000600000000, 0x0000000800000000)
  region size 4096K, 1 young (4096K), 0 survivors (0K)
 Metaspace       used 54634K, committed 55168K, reserved 1097728K
  class space    used 7232K, committed 7488K, reserved 1048576K
}
Event: 113390.434 GC heap after
{Heap after GC invocations=11072 (full 11045):
 garbage-first heap   total 139264K, used 38371K [0x0000000600000000, 0x0000000800000000)
  region size 4096K, 0 young (0K), 0 survivors (0K)
 Metaspace       used 54634K, committed 55168K, reserved 1097728K
  class space    used 7232K, committed 7488K, reserved 1048576K
}
Event: 113400.680 GC heap before
{Heap before GC invocations=11072 (full 11045):
 garbage-first heap   total 139264K, used 38371K [0x0000000600000000, 0x0000000800000000)
  region size 4096K, 1 young (4096K), 0 survivors (0K)
 Metaspace       used 54634K, committed 55168K, reserved 1097728K
  class space    used 7232K, committed 7488K, reserved 1048576K
}
Event: 113400.755 GC heap after
{Heap after GC invocations=11073 (full 11046):
 garbage-first heap   total 139264K, used 38371K [0x0000000600000000, 0x0000000800000000)
  region size 4096K, 0 young (0K), 0 survivors (0K)
 Metaspace       used 54634K, committed 55168K, reserved 1097728K
  class space    used 7232K, committed 7488K, reserved 1048576K
}
Event: 113410.999 GC heap before
{Heap before GC invocations=11073 (full 11046):
 garbage-first heap   total 139264K, used 38371K [0x0000000600000000, 0x0000000800000000)
  region size 4096K, 1 young (4096K), 0 survivors (0K)
 Metaspace       used 54634K, committed 55168K, reserved 1097728K
  class space    used 7232K, committed 7488K, reserved 1048576K
}
Event: 113411.076 GC heap after
{Heap after GC invocations=11074 (full 11047):
 garbage-first heap   total 139264K, used 38371K [0x0000000600000000, 0x0000000800000000)
  region size 4096K, 0 young (0K), 0 survivors (0K)
 Metaspace       used 54634K, committed 55168K, reserved 1097728K
  class space    used 7232K, committed 7488K, reserved 1048576K
}
Event: 113421.316 GC heap before
{Heap before GC invocations=11074 (full 11047):
 garbage-first heap   total 139264K, used 38371K [0x0000000600000000, 0x0000000800000000)
  region size 4096K, 1 young (4096K), 0 survivors (0K)
 Metaspace       used 54634K, committed 55168K, reserved 1097728K
  class space    used 7232K, committed 7488K, reserved 1048576K
}
Event: 113421.379 GC heap after
{Heap after GC invocations=11075 (full 11048):
 garbage-first heap   total 139264K, used 38371K [0x0000000600000000, 0x0000000800000000)
  region size 4096K, 0 young (0K), 0 survivors (0K)
 Metaspace       used 54634K, committed 55168K, reserved 1097728K
  class space    used 7232K, committed 7488K, reserved 1048576K
}
Event: 113431.600 GC heap before
{Heap before GC invocations=11075 (full 11048):
 garbage-first heap   total 139264K, used 38371K [0x0000000600000000, 0x0000000800000000)
  region size 4096K, 1 young (4096K), 0 survivors (0K)
 Metaspace       used 54634K, committed 55168K, reserved 1097728K
  class space    used 7232K, committed 7488K, reserved 1048576K
}
Event: 113431.666 GC heap after
{Heap after GC invocations=11076 (full 11049):
 garbage-first heap   total 139264K, used 38371K [0x0000000600000000, 0x0000000800000000)
  region size 4096K, 0 young (0K), 0 survivors (0K)
 Metaspace       used 54634K, committed 55168K, reserved 1097728K
  class space    used 7232K, committed 7488K, reserved 1048576K
}
Event: 113441.859 GC heap before
{Heap before GC invocations=11076 (full 11049):
 garbage-first heap   total 139264K, used 38371K [0x0000000600000000, 0x0000000800000000)
  region size 4096K, 1 young (4096K), 0 survivors (0K)
 Metaspace       used 54634K, committed 55168K, reserved 1097728K
  class space    used 7232K, committed 7488K, reserved 1048576K
}
Event: 113441.937 GC heap after
{Heap after GC invocations=11077 (full 11050):
 garbage-first heap   total 139264K, used 38371K [0x0000000600000000, 0x0000000800000000)
  region size 4096K, 0 young (0K), 0 survivors (0K)
 Metaspace       used 54634K, committed 55168K, reserved 1097728K
  class space    used 7232K, committed 7488K, reserved 1048576K
}
Event: 113452.145 GC heap before
{Heap before GC invocations=11077 (full 11050):
 garbage-first heap   total 139264K, used 38371K [0x0000000600000000, 0x0000000800000000)
  region size 4096K, 1 young (4096K), 0 survivors (0K)
 Metaspace       used 54634K, committed 55168K, reserved 1097728K
  class space    used 7232K, committed 7488K, reserved 1048576K
}
Event: 113452.209 GC heap after
{Heap after GC invocations=11078 (full 11051):
 garbage-first heap   total 139264K, used 38371K [0x0000000600000000, 0x0000000800000000)
  region size 4096K, 0 young (0K), 0 survivors (0K)
 Metaspace       used 54634K, committed 55168K, reserved 1097728K
  class space    used 7232K, committed 7488K, reserved 1048576K
}
Event: 113462.432 GC heap before
{Heap before GC invocations=11078 (full 11051):
 garbage-first heap   total 139264K, used 38371K [0x0000000600000000, 0x0000000800000000)
  region size 4096K, 1 young (4096K), 0 survivors (0K)
 Metaspace       used 54634K, committed 55168K, reserved 1097728K
  class space    used 7232K, committed 7488K, reserved 1048576K
}
Event: 113462.497 GC heap after
{Heap after GC invocations=11079 (full 11052):
 garbage-first heap   total 139264K, used 38371K [0x0000000600000000, 0x0000000800000000)
  region size 4096K, 0 young (0K), 0 survivors (0K)
 Metaspace       used 54634K, committed 55168K, reserved 1097728K
  class space    used 7232K, committed 7488K, reserved 1048576K
}
Event: 113472.735 GC heap before
{Heap before GC invocations=11079 (full 11052):
 garbage-first heap   total 139264K, used 38371K [0x0000000600000000, 0x0000000800000000)
  region size 4096K, 1 young (4096K), 0 survivors (0K)
 Metaspace       used 54634K, committed 55168K, reserved 1097728K
  class space    used 7232K, committed 7488K, reserved 1048576K
}
Event: 113472.824 GC heap after
{Heap after GC invocations=11080 (full 11053):
 garbage-first heap   total 139264K, used 38371K [0x0000000600000000, 0x0000000800000000)
  region size 4096K, 0 young (0K), 0 survivors (0K)
 Metaspace       used 54634K, committed 55168K, reserved 1097728K
  class space    used 7232K, committed 7488K, reserved 1048576K
}
Event: 113483.042 GC heap before
{Heap before GC invocations=11080 (full 11053):
 garbage-first heap   total 139264K, used 38371K [0x0000000600000000, 0x0000000800000000)
  region size 4096K, 1 young (4096K), 0 survivors (0K)
 Metaspace       used 54634K, committed 55168K, reserved 1097728K
  class space    used 7232K, committed 7488K, reserved 1048576K
}

